#
# An unexpected error has been detected by Java Runtime Environment:
#
#  EXCEPTION_ACCESS_VIOLATION (0xc0000005) at pc=0x000000007abd85e1, pid=404, tid=4064
#
# Java VM: Java HotSpot(TM) 64-Bit Server VM (11.2-b01 mixed mode windows-amd64)
# Problematic frame:
# C  [zip.dll+0x85e1]
#
# If you would like to submit a bug report, please visit:
#   http://java.sun.com/webapps/bugreport/crash.jsp
# The crash happened outside the Java Virtual Machine in native code.
# See problematic frame for where to report the bug.
#

---------------  T H R E A D  ---------------

Current thread (0x000000002aaa5400):  JavaThread "Image Fetcher 1" daemon [_thread_in_native, id=4064, stack(0x000000002e500000,0x000000002e580000)]

siginfo: ExceptionCode=0xc0000005, reading address 0x0000000000000018

Registers:
EAX=0x0000000000000000, EBX=0x0000000000002000, ECX=0x0000000038014680, EDX=0x0000000000000000
ESP=0x000000002e57c090, EBP=0x000000002aaa55c0, ESI=0x0000000038014680, EDI=0x0000000000000000
EIP=0x000000007abd85e1, EFLAGS=0x0000000000010206

Top of Stack: (sp=0x000000002e57c090)
0x000000002e57c090:   0000000000000000 0000000000000000
0x000000002e57c0a0:   0000000000000000 000000006d9d7851
0x000000002e57c0b0:   0000000000000000 0000000000000000
0x000000002e57c0c0:   0000000038014680 000000002aaa55c0
0x000000002e57c0d0:   0000000000002000 000000007abd1f90
0x000000002e57c0e0:   0000000000000000 0000000000000000
0x000000002e57c0f0:   0000000000000000 0000000000000000
0x000000002e57c100:   0000000000002000 0000000000000000
0x000000002e57c110:   0000000000000000 0000000000000000
0x000000002e57c120:   0000000000000000 0000000000000000
0x000000002e57c130:   0000000000000000 0000000000000000
0x000000002e57c140:   0000000011532a18 0000000000000000
0x000000002e57c150:   0000000000000000 0000000000000000
0x000000002e57c160:   0000000000000000 0000000000000000
0x000000002e57c170:   0000000000000000 0000000000000000
0x000000002e57c180:   0000000000000000 0000000000000000 

Instructions: (pc=0x000000007abd85e1)
0x000000007abd85d1:   c4 58 5f 5b c3 cc cc 48 53 55 56 57 48 83 ec 28
0x000000007abd85e1:   4c 8b 52 18 49 8b e9 49 8b f0 4d 85 d2 48 8b d9 


Stack: [0x000000002e500000,0x000000002e580000],  sp=0x000000002e57c090,  free space=496k
Native frames: (J=compiled Java code, j=interpreted, Vv=VM code, C=native code)
C  [zip.dll+0x85e1]

Java frames: (J=compiled Java code, j=interpreted, Vv=VM code)
j  java.util.zip.ZipFile.read(JJJ[BII)I+0
j  java.util.zip.ZipFile.access$1200(JJJ[BII)I+10
j  java.util.zip.ZipFile$ZipFileInputStream.read([BII)I+66
J  java.util.zip.InflaterInputStream.read([BII)I
j  java.io.FilterInputStream.read([BII)I+7
j  java.io.BufferedInputStream.fill()V+175
j  java.io.BufferedInputStream.read1([BII)I+44
j  java.io.BufferedInputStream.read([BII)I+49
v  ~StubRoutines::call_stub
j  sun.awt.image.JPEGImageDecoder.readImage(Ljava/io/InputStream;[B)V+0
j  sun.awt.image.JPEGImageDecoder.produceImage()V+10
j  sun.awt.image.InputStreamImageSource.doFetch()V+51
j  sun.awt.image.ImageFetcher.fetchloop()V+33
j  sun.awt.image.ImageFetcher.run()V+5
v  ~StubRoutines::call_stub

---------------  P R O C E S S  ---------------

Java Threads: ( => current thread )
  0x000000002aaa0000 JavaThread "Loader for _view_0" daemon [_thread_blocked, id=6140, stack(0x000000000bc30000,0x000000000bcb0000)]
  0x000000002aaa1000 JavaThread "Image Fetcher 3" daemon [_thread_blocked, id=4160, stack(0x0000000030f60000,0x0000000030fe0000)]
  0x000000002aaa4000 JavaThread "Image Fetcher 2" daemon [_thread_blocked, id=5584, stack(0x0000000030e80000,0x0000000030f00000)]
=>0x000000002aaa5400 JavaThread "Image Fetcher 1" daemon [_thread_in_native, id=4064, stack(0x000000002e500000,0x000000002e580000)]
  0x000000002aaa4800 JavaThread "Image Fetcher 0" daemon [_thread_blocked, id=4152, stack(0x000000002beb0000,0x000000002bf30000)]
  0x000000002aaa5000 JavaThread "Timer queue for AWT thread" daemon [_thread_blocked, id=5788, stack(0x000000002e380000,0x000000002e400000)]
  0x000000002aaa3800 JavaThread "Thread-483" [_thread_blocked, id=4456, stack(0x000000000b4a0000,0x000000000b520000)]
  0x000000002aaa2c00 JavaThread "Active Reference Queue Daemon" daemon [_thread_blocked, id=5412, stack(0x0000000026da0000,0x0000000026e20000)]
  0x000000002aaa1400 JavaThread "Timer-16" daemon [_thread_blocked, id=5532, stack(0x0000000026ba0000,0x0000000026c20000)]
  0x000000002aaa2400 JavaThread "FelixPackageAdmin" daemon [_thread_blocked, id=5388, stack(0x0000000026d20000,0x0000000026da0000)]
  0x000000002aa9f800 JavaThread "FelixStartLevel" daemon [_thread_blocked, id=5984, stack(0x0000000026ca0000,0x0000000026d20000)]
  0x000000002aaa1c00 JavaThread "FelixDispatchQueue" daemon [_thread_blocked, id=4900, stack(0x0000000026c20000,0x0000000026ca0000)]
  0x000000002aa9f400 JavaThread "Timer-8" daemon [_thread_blocked, id=932, stack(0x000000002e480000,0x000000002e500000)]
  0x000000002aa9ec00 JavaThread "Prefs Updater" daemon [_thread_blocked, id=5184, stack(0x000000002e400000,0x000000002e480000)]
  0x000000002aa9dc00 JavaThread "Timer-1" [_thread_blocked, id=2164, stack(0x000000002d000000,0x000000002d080000)]
  0x00000000016cf800 JavaThread "TimerQueue" daemon [_thread_blocked, id=2644, stack(0x000000002bfb0000,0x000000002c030000)]
  0x000000002b332000 JavaThread "AWT-EventQueue-0" [_thread_in_native, id=4056, stack(0x000000002bf30000,0x000000002bfb0000)]
  0x0000000025843c00 JavaThread "AWT-Shutdown" [_thread_blocked, id=5712, stack(0x000000002bd50000,0x000000002bdd0000)]
  0x000000002b2ec400 JavaThread "AWT-Windows" daemon [_thread_in_native, id=5956, stack(0x000000002b820000,0x000000002b8a0000)]
  0x000000002b29f400 JavaThread "Java2D Disposer" daemon [_thread_blocked, id=3964, stack(0x000000002b720000,0x000000002b7a0000)]
  0x0000000025861800 JavaThread "Timer-0" [_thread_blocked, id=5096, stack(0x000000002ade0000,0x000000002ae60000)]
  0x000000002aac0400 JavaThread "JMI Unnamed Thread" [_thread_in_native, id=4148, stack(0x0000000005e80000,0x0000000006e80000)]
  0x000000002572a000 JavaThread "Low Memory Detector" daemon [_thread_blocked, id=336, stack(0x0000000029960000,0x00000000299e0000)]
  0x0000000025728c00 JavaThread "CompilerThread1" daemon [_thread_blocked, id=928, stack(0x0000000028960000,0x0000000029960000)]
  0x0000000025723400 JavaThread "CompilerThread0" daemon [_thread_blocked, id=4396, stack(0x0000000027960000,0x0000000028960000)]
  0x0000000025722800 JavaThread "Attach Listener" daemon [_thread_blocked, id=1344, stack(0x00000000278e0000,0x0000000027960000)]
  0x0000000025713400 JavaThread "Finalizer" daemon [_thread_blocked, id=4660, stack(0x0000000026a80000,0x0000000026b00000)]
  0x0000000025712800 JavaThread "Reference Handler" daemon [_thread_blocked, id=5464, stack(0x00000000269b0000,0x0000000026a30000)]
  0x000000000161a800 JavaThread "main" [_thread_in_native, id=4884, stack(0x0000000000030000,0x0000000001030000)]

Other Threads:
  0x0000000025711000 VMThread [stack: 0x00000000258b0000,0x00000000268b0000] [id=1528]
  0x0000000025755800 WatcherThread [stack: 0x00000000299e0000,0x000000002a9e0000] [id=4596]

VM state:not at safepoint (normal execution)

VM Mutex/Monitor currently owned by a thread: None

Heap
 PSYoungGen      total 35584K, used 8025K [0x0000000020540000, 0x0000000023640000, 0x0000000023640000)
  eden space 21120K, 29% used [0x0000000020540000,0x0000000020b56728,0x00000000219e0000)
  from space 14464K, 12% used [0x0000000022820000,0x00000000229dfe40,0x0000000023640000)
  to   space 14528K, 0% used [0x00000000219e0000,0x00000000219e0000,0x0000000022810000)
 PSOldGen        total 84096K, used 66502K [0x0000000017240000, 0x000000001c460000, 0x0000000020540000)
  object space 84096K, 79% used [0x0000000017240000,0x000000001b331bf0,0x000000001c460000)
 PSPermGen       total 109056K, used 60086K [0x000000000f240000, 0x0000000015cc0000, 0x0000000017240000)
  object space 109056K, 55% used [0x000000000f240000,0x0000000012ced800,0x0000000015cc0000)

Dynamic libraries:
0x0000000140000000 - 0x000000014002a000 	D:\Program Files\MATLAB\R2010a\bin\win64\matlab.exe
0x0000000077c40000 - 0x0000000077dec000 	D:\Windows\SYSTEM32\ntdll.dll
0x00000000779d0000 - 0x0000000077aef000 	D:\Windows\system32\kernel32.dll
0x000007fefe370000 - 0x000007fefe3dc000 	D:\Windows\system32\KERNELBASE.dll
0x000000007ce80000 - 0x000000007cf96000 	D:\Program Files\MATLAB\R2010a\bin\win64\libut.dll
0x000007fefe7c0000 - 0x000007fefe7d9000 	D:\Windows\system32\imagehlp.dll
0x000007fefee10000 - 0x000007fefeeaf000 	D:\Windows\system32\msvcrt.dll
0x000007feff090000 - 0x000007feff16b000 	D:\Windows\system32\ADVAPI32.dll
0x000007fefe850000 - 0x000007fefe86f000 	D:\Windows\SYSTEM32\sechost.dll
0x000007fefe870000 - 0x000007fefe99e000 	D:\Windows\system32\RPCRT4.dll
0x0000000077e00000 - 0x0000000077e07000 	D:\Windows\system32\PSAPI.DLL
0x000000007d660000 - 0x000000007d688000 	D:\Program Files\MATLAB\R2010a\bin\win64\LIBEXPAT.dll
0x00000000748c0000 - 0x0000000074989000 	D:\Windows\WinSxS\amd64_microsoft.vc80.crt_1fc8b3b9a1e18e3b_8.0.50727.6195_none_88e41e092fab0294\MSVCR80.dll
0x000000007d380000 - 0x000000007d4ac000 	D:\Program Files\MATLAB\R2010a\bin\win64\icuuc40.dll
0x000000007c8b0000 - 0x000000007c8b3000 	D:\Program Files\MATLAB\R2010a\bin\win64\icudt40.dll
0x000000007c8c0000 - 0x000000007c8d0000 	D:\Program Files\MATLAB\R2010a\bin\win64\icuio40.dll
0x000000007cb00000 - 0x000000007cc53000 	D:\Program Files\MATLAB\R2010a\bin\win64\icuin40.dll
0x0000000073f70000 - 0x0000000074079000 	D:\Windows\WinSxS\amd64_microsoft.vc80.crt_1fc8b3b9a1e18e3b_8.0.50727.6195_none_88e41e092fab0294\MSVCP80.dll
0x00000000778d0000 - 0x00000000779ca000 	D:\Windows\system32\USER32.dll
0x000007fefe720000 - 0x000007fefe787000 	D:\Windows\system32\GDI32.dll
0x000007fefe830000 - 0x000007fefe83e000 	D:\Windows\system32\LPK.dll
0x000007fefed40000 - 0x000007fefee0a000 	D:\Windows\system32\USP10.dll
0x0000000078930000 - 0x0000000078a4e000 	D:\Program Files\MATLAB\R2010a\bin\win64\libmwfl.dll
0x00000000788c0000 - 0x00000000788fe000 	D:\Program Files\MATLAB\R2010a\bin\win64\tbb.dll
0x000000007e960000 - 0x000000007e96f000 	D:\Program Files\MATLAB\R2010a\bin\win64\boost_date_time-vc80-mt-1_36.dll
0x000000007ebf0000 - 0x000000007ec0d000 	D:\Program Files\MATLAB\R2010a\bin\win64\boost_filesystem-vc80-mt-1_36.dll
0x000000007dbd0000 - 0x000000007dbd9000 	D:\Program Files\MATLAB\R2010a\bin\win64\boost_system-vc80-mt-1_36.dll
0x000000007e940000 - 0x000000007e956000 	D:\Program Files\MATLAB\R2010a\bin\win64\boost_signals-vc80-mt-1_36.dll
0x000000007c890000 - 0x000000007c8a1000 	D:\Program Files\MATLAB\R2010a\bin\win64\boost_thread-vc80-mt-1_36.dll
0x000000007d010000 - 0x000000007d298000 	D:\Program Files\MATLAB\R2010a\bin\win64\libmwservices.dll
0x000000007cfa0000 - 0x000000007d00d000 	D:\Program Files\MATLAB\R2010a\bin\win64\libmx.dll
0x00000000792b0000 - 0x00000000792c7000 	D:\Program Files\MATLAB\R2010a\bin\win64\zlib1.dll
0x000000007d2a0000 - 0x000000007d37c000 	D:\Program Files\MATLAB\R2010a\bin\win64\libmwmathutil.dll
0x000000007a9b0000 - 0x000000007aa0e000 	D:\Program Files\MATLAB\R2010a\bin\win64\mpath.dll
0x000000007d690000 - 0x000000007d812000 	D:\Program Files\MATLAB\R2010a\bin\win64\mlutil.dll
0x000000007e860000 - 0x000000007e8ec000 	D:\Program Files\MATLAB\R2010a\bin\win64\xmlcore.dll
0x000000007a320000 - 0x000000007a5b5000 	D:\Program Files\MATLAB\R2010a\bin\win64\xerces-c_2_7.dll
0x000007feff170000 - 0x000007feff1bd000 	D:\Windows\system32\WS2_32.dll
0x000007fefe840000 - 0x000007fefe848000 	D:\Windows\system32\NSI.dll
0x000007feff1c0000 - 0x000007fefff47000 	D:\Windows\system32\SHELL32.dll
0x000007fefe600000 - 0x000007fefe671000 	D:\Windows\system32\SHLWAPI.dll
0x000007fef7ab0000 - 0x000007fef7b50000 	D:\Windows\WinSxS\amd64_microsoft.windows.common-controls_6595b64144ccf1df_5.82.7600.16661_none_a44e1fc257f685f6\COMCTL32.dll
0x000007fefe680000 - 0x000007fefe718000 	D:\Windows\system32\comdlg32.dll
0x000007fefc2d0000 - 0x000007fefc2e6000 	D:\Windows\system32\NETAPI32.dll
0x000007fefc2c0000 - 0x000007fefc2cc000 	D:\Windows\system32\netutils.dll
0x000007fefde80000 - 0x000007fefdea3000 	D:\Windows\system32\srvcli.dll
0x000007fefc2a0000 - 0x000007fefc2b5000 	D:\Windows\system32\wkscli.dll
0x000000007ad90000 - 0x000000007ae2e000 	D:\Program Files\MATLAB\R2010a\bin\win64\mcr.dll
0x0000000001200000 - 0x0000000001225000 	D:\Program Files\MATLAB\R2010a\bin\win64\libmwi18n.dll
0x000000007c8d0000 - 0x000000007c983000 	D:\Program Files\MATLAB\R2010a\bin\win64\iqm.dll
0x000000007b500000 - 0x000000007bdb0000 	D:\Program Files\MATLAB\R2010a\bin\win64\m_interpreter.dll
0x000000007c9b0000 - 0x000000007c9c6000 	D:\Program Files\MATLAB\R2010a\bin\win64\libmex.dll
0x000000007abf0000 - 0x000000007aca4000 	D:\Program Files\MATLAB\R2010a\bin\win64\m_dispatcher.dll
0x000000007ead0000 - 0x000000007ebc1000 	D:\Program Files\MATLAB\R2010a\bin\win64\boost_regex-vc80-mt-1_36.dll
0x000000007aa90000 - 0x000000007ab27000 	D:\Program Files\MATLAB\R2010a\bin\win64\profiler.dll
0x000000007ca40000 - 0x000000007ca71000 	D:\Program Files\MATLAB\R2010a\bin\win64\libmwmathrng.dll
0x0000000079200000 - 0x000000007921a000 	D:\Program Files\MATLAB\R2010a\bin\win64\m_pcodeio.dll
0x000000007a960000 - 0x000000007a9ad000 	D:\Program Files\MATLAB\R2010a\bin\win64\m_ir.dll
0x000000007aef0000 - 0x000000007b4f1000 	D:\Program Files\MATLAB\R2010a\bin\win64\m_parser.dll
0x000000007c990000 - 0x000000007c9a4000 	D:\Program Files\MATLAB\R2010a\bin\win64\ir_xfmr.dll
0x0000000078a50000 - 0x0000000078d2f000 	D:\Program Files\MATLAB\R2010a\bin\win64\mcos.dll
0x000000007ca90000 - 0x000000007ca9c000 	D:\Program Files\MATLAB\R2010a\bin\win64\mtok.dll
0x00000000791d0000 - 0x00000000791f6000 	D:\Program Files\MATLAB\R2010a\bin\win64\m_pcodegen.dll
0x0000000001420000 - 0x0000000001472000 	D:\Program Files\MATLAB\R2010a\bin\win64\libmwspmatrix.dll
0x000007feee330000 - 0x000007feee455000 	D:\Windows\system32\dbghelp.dll
0x0000000001490000 - 0x00000000014bc000 	D:\Program Files\MATLAB\R2010a\bin\win64\libmwbridge.dll
0x000000007c4f0000 - 0x000000007c5b7000 	D:\Program Files\MATLAB\R2010a\bin\win64\udd.dll
0x000000007d4b0000 - 0x000000007d604000 	D:\Program Files\MATLAB\R2010a\bin\win64\libmwgui.dll
0x0000000079320000 - 0x0000000079acf000 	D:\Program Files\MATLAB\R2010a\bin\win64\hg.dll
0x0000000079100000 - 0x0000000079150000 	D:\Program Files\MATLAB\R2010a\bin\win64\libmat.dll
0x000000007cc60000 - 0x000000007ce7b000 	D:\Program Files\MATLAB\R2010a\bin\win64\libhdf5.dll
0x000000007a860000 - 0x000000007a8e3000 	D:\Program Files\MATLAB\R2010a\bin\win64\jmi.dll
0x000000007a790000 - 0x000000007a7d6000 	D:\Program Files\MATLAB\R2010a\bin\win64\libmwhardcopy.dll
0x000000007a8f0000 - 0x000000007a959000 	D:\Program Files\MATLAB\R2010a\bin\win64\libuij.dll
0x0000000078730000 - 0x00000000788b3000 	D:\Program Files\MATLAB\R2010a\bin\win64\hgdatatypes.dll
0x0000000078670000 - 0x0000000078721000 	D:\Program Files\MATLAB\R2010a\bin\win64\hgutils.dll
0x0000000079150000 - 0x00000000791cc000 	D:\Program Files\MATLAB\R2010a\bin\win64\libmwlapack.dll
0x000000007c9e0000 - 0x000000007c9f3000 	D:\Program Files\MATLAB\R2010a\bin\win64\libmwbinder.dll
0x000000007c5c0000 - 0x000000007c881000 	D:\Program Files\MATLAB\R2010a\bin\win64\uiw.dll
0x000000007caf0000 - 0x000000007cafa000 	D:\Program Files\MATLAB\R2010a\bin\win64\uinone.dll
0x0000000074220000 - 0x00000000743bc000 	D:\Windows\WinSxS\amd64_microsoft.vc80.mfc_1fc8b3b9a1e18e3b_8.0.50727.6195_none_8448b2bd328df189\MFC80.DLL
0x000007fefc1d0000 - 0x000007fefc240000 	D:\Windows\system32\WINSPOOL.DRV
0x000007fefea20000 - 0x000007fefec22000 	D:\Windows\system32\ole32.dll
0x000007fefe480000 - 0x000007fefe557000 	D:\Windows\system32\OLEAUT32.dll
0x000000007ae30000 - 0x000000007aee6000 	D:\Program Files\MATLAB\R2010a\bin\win64\udd_mi.dll
0x0000000079220000 - 0x000000007923f000 	D:\Program Files\MATLAB\R2010a\bin\win64\mwoles05.DLL
0x000000007aa10000 - 0x000000007aa82000 	D:\Program Files\MATLAB\R2010a\bin\win64\comcli.dll
0x0000000067450000 - 0x0000000067470000 	D:\Windows\WinSxS\amd64_microsoft.vc80.atl_1fc8b3b9a1e18e3b_8.0.50727.6195_none_8a1dd9552ed7f8d8\ATL80.DLL
0x000000007ca80000 - 0x000000007ca8e000 	D:\Program Files\MATLAB\R2010a\bin\win64\mlautoregister.dll
0x000007fefe790000 - 0x000007fefe7be000 	D:\Windows\system32\IMM32.DLL
0x000007fefec30000 - 0x000007fefed39000 	D:\Windows\system32\MSCTF.dll
0x0000000074a70000 - 0x0000000074a7d000 	D:\Windows\WinSxS\amd64_microsoft.vc80.mfcloc_1fc8b3b9a1e18e3b_8.0.50727.6195_none_bc20f59b0bdd1acd\MFC80ENU.DLL
0x000007fefc980000 - 0x000007fefc9d6000 	D:\Windows\system32\uxtheme.dll
0x000007fefe0b0000 - 0x000007fefe0bf000 	D:\Windows\system32\profapi.dll
0x000007fefb900000 - 0x000007fefb927000 	D:\Windows\system32\iphlpapi.dll
0x000007fefb8f0000 - 0x000007fefb8fb000 	D:\Windows\system32\WINNSI.DLL
0x000007fefd780000 - 0x000007fefd7db000 	D:\Windows\system32\DNSAPI.dll
0x000007fefb420000 - 0x000007fefb438000 	D:\Windows\system32\dhcpcsvc.DLL
0x000007fefb2c0000 - 0x000007fefb2d1000 	D:\Windows\system32\dhcpcsvc6.DLL
0x0000000068d70000 - 0x0000000068d73000 	D:\Windows\system32\icmp.Dll
0x000007fefdfe0000 - 0x000007fefdfef000 	D:\Windows\system32\CRYPTBASE.dll
0x000007fefe330000 - 0x000007fefe366000 	D:\Windows\system32\CFGMGR32.dll
0x000000006d7f0000 - 0x000000006dda8000 	D:\Program Files\MATLAB\R2010a\sys\java\jre\win64\jre\bin\server\jvm.dll
0x000007fefbc50000 - 0x000007fefbc8b000 	D:\Windows\system32\WINMM.dll
0x000007fefcb10000 - 0x000007fefcb28000 	D:\Windows\system32\dwmapi.dll
0x000000007aba0000 - 0x000000007abaa000 	D:\Program Files\MATLAB\R2010a\sys\java\jre\win64\jre\bin\hpi.dll
0x000007fefe560000 - 0x000007fefe5f9000 	D:\Windows\system32\CLBCatQ.DLL
0x000000007abc0000 - 0x000000007abce000 	D:\Program Files\MATLAB\R2010a\sys\java\jre\win64\jre\bin\verify.dll
0x00000000792d0000 - 0x00000000792f7000 	D:\Program Files\MATLAB\R2010a\sys\java\jre\win64\jre\bin\java.dll
0x000000007abd0000 - 0x000000007abe2000 	D:\Program Files\MATLAB\R2010a\sys\java\jre\win64\jre\bin\zip.dll
0x0000000025640000 - 0x00000000256a5000 	D:\Program Files\WIDCOMM\Bluetooth Software\btmmhook.dll
0x0000000079240000 - 0x000000007926b000 	D:\Program Files\MATLAB\R2010a\bin\win64\nativejava.dll
0x000007fefce80000 - 0x000007fefce98000 	D:\Windows\system32\MPR.dll
0x0000000079270000 - 0x00000000792a7000 	D:\Program Files\MATLAB\R2010a\bin\win64\nativejmi.dll
0x000000007cae0000 - 0x000000007caed000 	D:\Program Files\MATLAB\R2010a\bin\win64\nativeservices.dll
0x000000007a5c0000 - 0x000000007a782000 	D:\Program Files\MATLAB\R2010a\sys\java\jre\win64\jre\bin\awt.dll
0x000000007acb0000 - 0x000000007ad1b000 	D:\Program Files\MATLAB\R2010a\sys\java\jre\win64\jre\bin\fontmanager.dll
0x0000000079300000 - 0x0000000079317000 	D:\Program Files\MATLAB\R2010a\sys\java\jre\win64\jre\bin\net.dll
0x000007fefd900000 - 0x000007fefd954000 	D:\Windows\system32\mswsock.dll
0x000007fefd8f0000 - 0x000007fefd8f7000 	D:\Windows\System32\wship6.dll
0x000000007abb0000 - 0x000000007abbb000 	D:\Program Files\MATLAB\R2010a\sys\java\jre\win64\jre\bin\nio.dll
0x0000000078300000 - 0x0000000078310000 	D:\Program Files\MATLAB\R2010a\bin\win64\nativelmgr.dll
0x000000007dab0000 - 0x000000007dae5000 	D:\Program Files\MATLAB\R2010a\sys\java\jre\win64\jre\bin\jpeg.dll
0x0000000078310000 - 0x00000000784b8000 	D:\Program Files\MATLAB\R2010a\bin\win64\instutil.dll
0x000007fefbdf0000 - 0x000007fefbe05000 	D:\Windows\system32\NLAapi.dll
0x000007fef9140000 - 0x000007fef914b000 	D:\Windows\System32\winrnr.dll
0x000007fef9120000 - 0x000007fef9135000 	D:\Windows\system32\napinsp.dll
0x000007fef9100000 - 0x000007fef9119000 	D:\Windows\system32\pnrpnsp.dll

VM Arguments:
jvm_args: -Xss512k -XX:PermSize=32m -Xms64m -XX:NewRatio=3 -XX:MaxPermSize=128m -Xmx196m -XX:MaxDirectMemorySize=2147400000 -Dsun.java2d.noddraw=true -Dsun.awt.nopixfmt=true -Xshare:off -Xrs -Djava.library.path=D:\Program Files\MATLAB\R2010a\bin\win64 vfprintf abort 
java_command: <unknown>
Launcher Type: generic

Environment Variables:
PATH=D:\Program Files (x86)\PC Connectivity Solution\;D:\WinAVR-20100110\bin;D:\WinAVR-20100110\utils\bin;D:\Windows\system32;D:\Windows;D:\Windows\System32\Wbem;D:\Windows\System32\WindowsPowerShell\v1.0\;D:\Program Files\WIDCOMM\Bluetooth Software\;D:\Program Files\WIDCOMM\Bluetooth Software\syswow64;D:\Program Files\MATLAB\R2010a\runtime\win64;D:\Program Files\MATLAB\R2010a\bin;QUARTUS_ROOTDIR\bin;D:\Program Files (x86)\Altium Designer Summer 09\System
USERNAME=Nikhil Vasoya
OS=Windows_NT
PROCESSOR_IDENTIFIER=Intel64 Family 6 Model 37 Stepping 5, GenuineIntel



---------------  S Y S T E M  ---------------

OS: Windows NT 6.1 Build 7600 

CPU:total 2 (8 cores per cpu, 2 threads per core) family 6 model 5 stepping 5, cmov, cx8, fxsr, mmx, sse, sse2, sse3, ssse3, ht

Memory: 4k page, physical 1947280k(487328k free), swap 3894560k(1600860k free)

vm_info: Java HotSpot(TM) 64-Bit Server VM (11.2-b01) for windows-amd64 JRE (1.6.0_12-b04), built on Jan 17 2009 01:49:05 by "java_re" with MS VC++ 8.0

time: Tue Apr 08 18:17:27 2014
elapsed time: 2167 seconds

